JvmtiExport can_access_local_variables 0
JvmtiExport can_hotswap_or_post_breakpoint 0
JvmtiExport can_post_on_exceptions 0
# 111 ciObject found
instanceKlass com/android/ide/gradle/model/artifacts/builder/AdditionalClassifierArtifactsModelBuilder
instanceKlass com/android/ide/gradle/model/artifacts/samples/SamplesVariantRule
instanceKlass com/android/ide/gradle/model/builder/AndroidStudioToolingPluginKt
instanceKlass com/android/ide/gradle/model/builder/GradlePluginModelBuilder
instanceKlass com/android/ide/gradle/model/builder/AndroidStudioToolingPlugin
instanceKlass org/jetbrains/kotlin/gradle/KotlinCommonizerModelBuilder$Companion
instanceKlass org/jetbrains/kotlin/gradle/OrphanSourceSetImportingChecker
instanceKlass org/jetbrains/kotlin/gradle/MultiplatformModelImportingChecker
instanceKlass org/jetbrains/kotlin/gradle/KotlinMPPGradleModelBuilder$Companion
instanceKlass org/jetbrains/kotlin/gradle/KotlinMPPGradleModelBuilder
instanceKlass org/jetbrains/kotlin/gradle/AbstractKotlinGradleModelBuilder$Companion
instanceKlass org/jetbrains/kotlin/gradle/AbstractKotlinGradleModelBuilder
instanceKlass org/jetbrains/plugins/gradle/model/MavenRepositoryModel
instanceKlass org/jetbrains/plugins/gradle/model/RepositoriesModel
instanceKlass org/jetbrains/plugins/gradle/tooling/builder/MavenRepositoriesModelBuilder
instanceKlass org/jetbrains/plugins/gradle/tooling/builder/IntelliJProjectSettingsBuilder
instanceKlass org/jetbrains/plugins/gradle/tooling/builder/IntelliJSettingsBuilder
instanceKlass org/jetbrains/plugins/gradle/tooling/builder/ProjectExtensionsDataBuilderImpl
instanceKlass org/jetbrains/plugins/gradle/tooling/builder/ExternalTestsModelBuilderImpl
instanceKlass com/intellij/openapi/externalSystem/model/project/dependencies/ComponentDependencies
instanceKlass org/jetbrains/plugins/gradle/tooling/builder/DependencyGraphModelBuilderImpl
instanceKlass org/jetbrains/plugins/gradle/model/DefaultExternalTask
instanceKlass org/jetbrains/plugins/gradle/model/ExternalTask
instanceKlass org/jetbrains/plugins/gradle/model/DefaultExternalProject
instanceKlass org/jetbrains/plugins/gradle/model/ExternalProjectPreview
instanceKlass org/jetbrains/plugins/gradle/model/ExternalSourceSet
instanceKlass org/jetbrains/plugins/gradle/tooling/builder/TasksFactory
instanceKlass org/jetbrains/plugins/gradle/model/ExternalProject
instanceKlass org/jetbrains/plugins/gradle/tooling/builder/ExternalProjectBuilderImpl$1
instanceKlass org/jetbrains/plugins/gradle/tooling/internal/scala/ScalaForkOptionsImpl
instanceKlass org/jetbrains/plugins/gradle/model/scala/ScalaForkOptions
instanceKlass org/jetbrains/plugins/gradle/tooling/internal/scala/ScalaCompileOptionsImpl
instanceKlass org/jetbrains/plugins/gradle/model/scala/ScalaCompileOptions
instanceKlass org/jetbrains/plugins/gradle/model/scala/ScalaModel
instanceKlass org/jetbrains/plugins/gradle/tooling/builder/ScalaModelBuilderImpl
instanceKlass org/jetbrains/plugins/gradle/model/ClasspathEntryModel
instanceKlass org/jetbrains/plugins/gradle/model/ear/EarConfiguration$EarResource
instanceKlass org/jetbrains/plugins/gradle/tooling/util/SourceSetCachedFinder
instanceKlass org/jetbrains/plugins/gradle/tooling/builder/CopySpecWalker$Visitor
instanceKlass org/jetbrains/plugins/gradle/tooling/Message
instanceKlass org/jetbrains/plugins/gradle/tooling/ModelBuilderContext$DataProvider
instanceKlass org/jetbrains/plugins/gradle/tooling/AbstractModelBuilderService
instanceKlass org/jetbrains/plugins/gradle/tooling/ModelBuilderService$Ex
instanceKlass org/jetbrains/kotlin/android/synthetic/idea/AndroidExtensionsModelBuilderService
instanceKlass org/gradle/internal/impldep/com/google/common/collect/PeekingIterator
instanceKlass org/gradle/internal/impldep/com/google/common/collect/UnmodifiableIterator
instanceKlass org/gradle/internal/impldep/com/google/common/collect/Iterators
instanceKlass org/gradle/internal/impldep/com/google/common/base/Preconditions
instanceKlass org/gradle/internal/impldep/com/google/common/collect/Lists
instanceKlass org/jetbrains/plugins/gradle/tooling/ErrorMessageBuilder
instanceKlass org/jetbrains/plugins/gradle/tooling/internal/ExtraModelBuilder$MyModelBuilderContext
instanceKlass org/jetbrains/plugins/gradle/tooling/ModelBuilderService$Parameter
instanceKlass org/jetbrains/plugins/gradle/tooling/ModelBuilderService
instanceKlass org/jetbrains/plugins/gradle/tooling/ModelBuilderContext
instanceKlass org/jetbrains/plugins/gradle/tooling/MessageReporter
instanceKlass org/jetbrains/plugins/gradle/tooling/internal/ExtraModelBuilder
instanceKlass RegistryProcessor
instanceKlass JetGradlePlugin
instanceKlass sun/nio/fs/WindowsFileCopy
instanceKlass org/apache/tools/zip/ZipEightByteInteger
instanceKlass org/apache/tools/zip/JarMarker
instanceKlass org/apache/tools/zip/AsiExtraField
instanceKlass org/apache/tools/zip/UnixStat
instanceKlass org/apache/tools/zip/ExtraFieldUtils
instanceKlass org/apache/tools/zip/AbstractUnicodeExtraField
instanceKlass org/apache/tools/zip/ZipUtil
instanceKlass org/apache/tools/zip/ZipShort
instanceKlass org/apache/tools/zip/Zip64ExtendedInformationExtraField
instanceKlass org/apache/tools/zip/CentralDirectoryParsingZipExtraField
instanceKlass org/apache/tools/zip/ZipOutputStream$CurrentEntry
instanceKlass org/gradle/api/internal/file/archive/ZipCopyAction
instanceKlass org/apache/tools/zip/GeneralPurposeBit
instanceKlass org/gradle/internal/classpath/InstrumentingBackwardsCompatibilityVisitor$$Lambda$1110
instanceKlass org/gradle/api/file/RelativePath
instanceKlass org/gradle/internal/classpath/ClasspathWalker$FileEntry
instanceKlass org/gradle/internal/classpath/ClasspathWalker$$Lambda$1109
instanceKlass org/gradle/internal/classpath/InstrumentingClasspathFileTransformer$$Lambda$1108
instanceKlass org/gradle/internal/classpath/ClasspathEntryVisitor
instanceKlass org/gradle/internal/classpath/ClasspathBuilder$ZipEntryBuilder
instanceKlass org/apache/tools/zip/ZipOutputStream$UnicodeExtraFieldPolicy
instanceKlass java/util/zip/Deflater
instanceKlass org/apache/tools/zip/FallbackZipEncoding
instanceKlass org/apache/tools/zip/ZipEncodingHelper$SimpleEncodingHolder
instanceKlass org/apache/tools/zip/ZipEncoding
instanceKlass org/apache/tools/zip/ZipEncodingHelper
instanceKlass org/apache/tools/zip/ZipLong
instanceKlass org/apache/tools/zip/ZipExtraField
instanceKlass org/gradle/internal/classpath/InstrumentingClasspathFileTransformer$$Lambda$1107
instanceKlass org/gradle/internal/classpath/ClasspathBuilder$Action
instanceKlass org/gradle/launcher/daemon/registry/DaemonStopEvent$Serializer
instanceKlass org/gradle/launcher/daemon/registry/DaemonStopEvent
instanceKlass org/gradle/cache/internal/locklistener/DefaultFileLockContentionHandler$ContendedAction$1
instanceKlass org/gradle/internal/serialize/NestedExceptionPlaceholder
instanceKlass org/gradle/internal/serialize/ExceptionPlaceholder$2
instanceKlass org/gradle/internal/serialize/ExceptionReplacingObjectOutputStream$2
instanceKlass org/gradle/internal/serialize/PlaceholderExceptionSupport
instanceKlass org/gradle/internal/buildevents/BuildExceptionReporter$1
instanceKlass org/gradle/internal/logging/text/BufferingStyledTextOutput$ChangeStyleAction
instanceKlass org/gradle/internal/logging/text/BufferingStyledTextOutput$1
instanceKlass org/gradle/internal/buildevents/BuildExceptionReporter$FailureDetails
instanceKlass java/util/logging/LogRecord
instanceKlass org/codehaus/groovy/runtime/StackTraceUtils
instanceKlass org/gradle/internal/exceptions/Contextual
instanceKlass java/lang/Throwable$PrintStreamOrWriter
instanceKlass org/gradle/internal/build/event/types/DefaultFailure
instanceKlass org/gradle/tooling/internal/protocol/InternalFailure
instanceKlass com/android/build/gradle/internal/crash/PluginCrashReporter
instanceKlass java/time/Ser
instanceKlass org/gradle/internal/build/event/types/DefaultPluginApplicationResult
instanceKlass java/util/stream/Collectors$$Lambda$1106
instanceKlass java/util/stream/Collectors$$Lambda$1105
instanceKlass org/gradle/tooling/internal/provider/runner/ClientForwardingProjectConfigurationOperationListener$ProjectConfigurationResult$$Lambda$1104
instanceKlass org/gradle/tooling/internal/provider/runner/ClientForwardingProjectConfigurationOperationListener$ProjectConfigurationResult$$Lambda$1103
instanceKlass org/gradle/tooling/internal/provider/runner/ClientForwardingProjectConfigurationOperationListener$ProjectConfigurationResult$$Lambda$1102
instanceKlass java/lang/invoke/LambdaForm$DMH
instanceKlass org/gradle/tooling/internal/protocol/events/InternalProjectConfigurationResult$InternalPluginApplicationResult
instanceKlass org/gradle/tooling/internal/provider/runner/ClientForwardingProjectConfigurationOperationListener$ProjectConfigurationResult$$Lambda$1101
instanceKlass org/gradle/tooling/internal/provider/runner/ClientForwardingProjectConfigurationOperationListener$PluginApplicationResult
instanceKlass org/gradle/tooling/internal/provider/runner/PluginApplicationTracker$$Lambda$1100
instanceKlass org/gradle/tooling/internal/provider/runner/ClientForwardingProjectConfigurationOperationListener$$Lambda$1099
instanceKlass org/gradle/tooling/internal/provider/runner/ClientForwardingProjectConfigurationOperationListener$$Lambda$1098
instanceKlass org/gradle/tooling/internal/provider/runner/ClientForwardingProjectConfigurationOperationListener$$Lambda$1097
instanceKlass org/gradle/tooling/internal/provider/runner/ProgressEventConsumer$$Lambda$1096
instanceKlass org/gradle/internal/build/event/types/AbstractProgressEvent
instanceKlass org/gradle/tooling/internal/provider/runner/ClientForwardingProjectConfigurationOperationListener$ProjectConfigurationResult
instanceKlass org/gradle/internal/watch/vfs/impl/WatchingVirtualFileSystem$$Lambda$1095
instanceKlass org/gradle/internal/remote/internal/inet/SocketConnection$1
instanceKlass com/google/common/cache/LocalCache$WriteThroughEntry
instanceKlass org/gradle/internal/work/DefaultWorkerLeaseService$1
instanceKlass org/gradle/cache/internal/DefaultCleanupProgressMonitor
instanceKlass org/gradle/cache/internal/VersionSpecificCacheCleanupAction
instanceKlass org/gradle/cache/internal/DefaultMultiProcessSafePersistentIndexedCache$$Lambda$1094
instanceKlass org/gradle/internal/session/BuildSessionState$$Lambda$1093
instanceKlass org/gradle/workers/internal/WorkerDaemonClientsManager$StopSessionScopedWorkers$$Lambda$1092
instanceKlass java/util/concurrent/ConcurrentHashMap$MapEntry
instanceKlass org/gradle/execution/PassThruCancellableOperationManager
instanceKlass org/apache/tools/ant/ComponentHelper$$Lambda$1091
instanceKlass org/apache/tools/ant/ComponentHelper$$Lambda$1090
instanceKlass org/apache/tools/ant/IntrospectionHelper$NestedCreator
instanceKlass org/apache/tools/ant/IntrospectionHelper$AttributeSetter
instanceKlass org/apache/tools/ant/IntrospectionHelper
instanceKlass org/gradle/internal/watch/vfs/impl/WatchingVirtualFileSystem$2$1
instanceKlass org/gradle/internal/watch/vfs/BuildFinishedFileSystemWatchingBuildOperationType$Result
instanceKlass org/gradle/internal/watch/vfs/impl/DefaultFileSystemWatchingStatistics$VirtualFileSystemStatistics
instanceKlass org/gradle/internal/watch/vfs/impl/DefaultFileSystemWatchingStatistics$$Lambda$1089
instanceKlass org/gradle/internal/watch/vfs/impl/DefaultFileSystemWatchingStatistics$$Lambda$1088
instanceKlass org/gradle/internal/watch/vfs/impl/DefaultFileSystemWatchingStatistics
instanceKlass org/gradle/internal/watch/registry/impl/Combiners$$Lambda$1087
instanceKlass org/gradle/internal/watch/registry/impl/Combiners
instanceKlass org/gradle/internal/watch/registry/impl/WatchableHierarchies$$Lambda$1086
instanceKlass org/gradle/internal/watch/vfs/impl/DefaultWatchableFileSystemDetector$$Lambda$1085
instanceKlass net/rubygrapefruit/platform/internal/FileSystemList$DefaultCaseSensitivity
instanceKlass net/rubygrapefruit/platform/internal/DefaultFileSystemInfo
instanceKlass net/rubygrapefruit/platform/file/FileSystemInfo
instanceKlass net/rubygrapefruit/platform/internal/jni/PosixFileSystemFunctions
instanceKlass net/rubygrapefruit/platform/file/CaseSensitivity
instanceKlass net/rubygrapefruit/platform/internal/FileSystemList
instanceKlass org/gradle/internal/snapshot/DirectorySnapshot$$Lambda$1084
instanceKlass org/gradle/internal/vfs/impl/DefaultSnapshotHierarchy$$Lambda$1083
instanceKlass org/gradle/internal/vfs/impl/DefaultSnapshotHierarchy$$Lambda$1082
instanceKlass org/gradle/internal/snapshot/AbstractInvalidateChildHandler$$Lambda$1081
instanceKlass org/gradle/internal/snapshot/AbstractInvalidateChildHandler$$Lambda$1080
instanceKlass org/gradle/internal/snapshot/AbstractInvalidateChildHandler
instanceKlass org/gradle/internal/snapshot/AbstractIncompleteFileSystemNode$1
instanceKlass org/gradle/internal/serialize/Message
instanceKlass org/gradle/internal/snapshot/SnapshotHierarchy$NodeDiffListener$1
instanceKlass org/gradle/internal/watch/registry/impl/WatchableHierarchies$$Lambda$1079
instanceKlass org/gradle/internal/watch/registry/impl/WatchableHierarchies$RemoveUnwatchedFiles
instanceKlass org/gradle/internal/watch/registry/impl/WatchableHierarchies$$Lambda$1078
instanceKlass org/gradle/internal/watch/registry/impl/WatchableHierarchies$$Lambda$1077
instanceKlass org/gradle/internal/watch/registry/impl/WatchableHierarchies$$Lambda$1076
instanceKlass org/gradle/internal/watch/registry/impl/HierarchicalFileWatcherUpdater$$Lambda$1075
instanceKlass java/lang/invoke/LambdaForm$DMH
instanceKlass org/gradle/internal/watch/registry/impl/HierarchicalFileWatcherUpdater$$Lambda$1074
instanceKlass org/gradle/internal/watch/registry/impl/WatchableHierarchies$Invalidator
instanceKlass org/gradle/internal/watch/vfs/impl/WatchingVirtualFileSystem$2$$Lambda$1073
instanceKlass org/gradle/internal/watch/registry/impl/DefaultFileWatcherRegistry$2
instanceKlass org/gradle/internal/watch/vfs/BuildFinishedFileSystemWatchingBuildOperationType$Details$1
instanceKlass org/gradle/internal/watch/vfs/BuildFinishedFileSystemWatchingBuildOperationType$Details
instanceKlass org/gradle/internal/watch/vfs/impl/WatchingVirtualFileSystem$2
instanceKlass java/lang/invoke/LambdaForm$MH
instanceKlass java/lang/invoke/LambdaForm$DMH
instanceKlass java/lang/invoke/LambdaForm$DMH
instanceKlass org/gradle/internal/watch/vfs/impl/WatchingVirtualFileSystem$$Lambda$1072
instanceKlass java/lang/invoke/LambdaForm$DMH
instanceKlass org/gradle/api/internal/tasks/execution/statistics/TaskExecutionStatistics
instanceKlass org/gradle/internal/buildevents/TaskExecutionStatisticsReporter
instanceKlass org/gradle/internal/logging/text/AbstractStyledTextOutput$StyleOverrideTextOutput
instanceKlass org/gradle/internal/logging/events/StyledTextOutputEvent$Span
instanceKlass org/gradle/internal/logging/events/operations/StyledTextBuildOperationProgressDetails$Span
instanceKlass org/gradle/api/internal/artifacts/DependencyManagementBuildScopeServices$1$$Lambda$1071
instanceKlass org/jetbrains/kotlin/gradle/plugin/statistics/KotlinBuildStatHandler$reportGlobalMetrics$statisticOverhead$1$1
instanceKlass org/jetbrains/kotlin/gradle/plugin/statistics/KotlinBuildStatHandler$reportGlobalMetrics$2
instanceKlass java/lang/Math$RandomNumberGeneratorHolder
instanceKlass org/gradle/api/services/internal/BuildServiceProvider$$Lambda$1070
instanceKlass org/gradle/kotlin/dsl/tooling/builders/StandardKotlinDslScriptModel
instanceKlass org/gradle/tooling/model/kotlin/dsl/KotlinDslScriptModel
instanceKlass com/google/common/collect/ImmutableSet$SerializedForm
instanceKlass com/google/common/collect/ImmutableMap$SerializedForm
instanceKlass com/google/common/collect/ImmutableMap$Builder
instanceKlass com/google/common/collect/AbstractMultimap
instanceKlass com/google/common/collect/SetMultimap
instanceKlass com/google/common/collect/Multimap
instanceKlass com/google/common/collect/Platform
instanceKlass com/google/common/collect/ImmutableList$SerializedForm
instanceKlass com/android/tools/idea/gradle/model/ndk/v1/IdeNativeVariantAbi
instanceKlass com/android/tools/idea/gradle/model/ndk/v1/IdeNativeAndroidProject
instanceKlass com/android/tools/idea/gradle/model/ndk/v2/IdeNativeModule
